<?xml version="1.0" encoding="UTF-8"?>
<testsuite xmlns:xsi="http://www.w3.org/2001/XMLSchema-instance" xsi:noNamespaceSchemaLocation="https://maven.apache.org/surefire/maven-surefire-plugin/xsd/surefire-test-report.xsd" name="com.studymyself.TestHelloMaven" time="0.029" tests="2" errors="0" skipped="0" failures="0">
  <properties>
    <property name="sun.desktop" value="windows"/>
    <property name="awt.toolkit" value="sun.awt.windows.WToolkit"/>
    <property name="file.encoding.pkg" value="sun.io"/>
    <property name="java.specification.version" value="1.8"/>
    <property name="sun.cpu.isalist" value="amd64"/>
    <property name="sun.jnu.encoding" value="GBK"/>
    <property name="java.class.path" value="F:\Git_Repositories\Maven\Projects\idea-maven\idea-maven-javase\target\test-classes;F:\Git_Repositories\Maven\Projects\idea-maven\idea-maven-javase\target\classes;E:\maven\myrepository\junit\junit\4.11\junit-4.11.jar;E:\maven\myrepository\org\hamcrest\hamcrest-core\1.3\hamcrest-core-1.3.jar;"/>
    <property name="java.vm.vendor" value="Oracle Corporation"/>
    <property name="sun.arch.data.model" value="64"/>
    <property name="user.variant" value=""/>
    <property name="java.vendor.url" value="http://java.oracle.com/"/>
    <property name="user.timezone" value="Asia/Shanghai"/>
    <property name="java.vm.specification.version" value="1.8"/>
    <property name="os.name" value="Windows 10"/>
    <property name="user.country" value="CN"/>
    <property name="sun.java.launcher" value="SUN_STANDARD"/>
    <property name="sun.boot.library.path" value="E:\JAVASE1.8\jre\bin"/>
    <property name="sun.java.command" value="C:\Users\钟荣杰\AppData\Local\Temp\surefire2310453400148189581\surefirebooter3394562435056636207.jar C:\Users\钟荣杰\AppData\Local\Temp\surefire2310453400148189581 2021-01-28T01-29-44_950-jvmRun1 surefire4580553378872147839tmp surefire_07804031810502378529tmp"/>
    <property name="surefire.test.class.path" value="F:\Git_Repositories\Maven\Projects\idea-maven\idea-maven-javase\target\test-classes;F:\Git_Repositories\Maven\Projects\idea-maven\idea-maven-javase\target\classes;E:\maven\myrepository\junit\junit\4.11\junit-4.11.jar;E:\maven\myrepository\org\hamcrest\hamcrest-core\1.3\hamcrest-core-1.3.jar;"/>
    <property name="sun.cpu.endian" value="little"/>
    <property name="user.home" value="C:\Users\钟荣杰"/>
    <property name="user.language" value="zh"/>
    <property name="java.specification.vendor" value="Oracle Corporation"/>
    <property name="java.home" value="E:\JAVASE1.8\jre"/>
    <property name="basedir" value="F:\Git_Repositories\Maven\Projects\idea-maven\idea-maven-javase"/>
    <property name="file.separator" value="\"/>
    <property name="line.separator" value="&#10;"/>
    <property name="java.vm.specification.vendor" value="Oracle Corporation"/>
    <property name="java.specification.name" value="Java Platform API Specification"/>
    <property name="java.awt.graphicsenv" value="sun.awt.Win32GraphicsEnvironment"/>
    <property name="surefire.real.class.path" value="C:\Users\钟荣杰\AppData\Local\Temp\surefire2310453400148189581\surefirebooter3394562435056636207.jar"/>
    <property name="sun.boot.class.path" value="E:\JAVASE1.8\jre\lib\resources.jar;E:\JAVASE1.8\jre\lib\rt.jar;E:\JAVASE1.8\jre\lib\sunrsasign.jar;E:\JAVASE1.8\jre\lib\jsse.jar;E:\JAVASE1.8\jre\lib\jce.jar;E:\JAVASE1.8\jre\lib\charsets.jar;E:\JAVASE1.8\jre\lib\jfr.jar;E:\JAVASE1.8\jre\classes"/>
    <property name="user.script" value=""/>
    <property name="sun.management.compiler" value="HotSpot 64-Bit Tiered Compilers"/>
    <property name="java.runtime.version" value="1.8.0_271-b09"/>
    <property name="user.name" value="钟荣杰"/>
    <property name="path.separator" value=";"/>
    <property name="os.version" value="10.0"/>
    <property name="java.endorsed.dirs" value="E:\JAVASE1.8\jre\lib\endorsed"/>
    <property name="java.runtime.name" value="Java(TM) SE Runtime Environment"/>
    <property name="file.encoding" value="GBK"/>
    <property name="java.vm.name" value="Java HotSpot(TM) 64-Bit Server VM"/>
    <property name="localRepository" value="E:\maven\myrepository"/>
    <property name="java.vendor.url.bug" value="http://bugreport.sun.com/bugreport/"/>
    <property name="java.io.tmpdir" value="C:\Users\钟荣杰\AppData\Local\Temp\"/>
    <property name="idea.version" value="2020.2.1"/>
    <property name="java.version" value="1.8.0_271"/>
    <property name="user.dir" value="F:\Git_Repositories\Maven\Projects\idea-maven\idea-maven-javase"/>
    <property name="os.arch" value="amd64"/>
    <property name="java.vm.specification.name" value="Java Virtual Machine Specification"/>
    <property name="java.awt.printerjob" value="sun.awt.windows.WPrinterJob"/>
    <property name="sun.os.patch.level" value=""/>
    <property name="java.library.path" value="E:\JAVASE1.8\jre\bin;C:\WINDOWS\Sun\Java\bin;C:\WINDOWS\system32;C:\WINDOWS;C:\Program Files (x86)\Common Files\Oracle\Java\javapath;C:\ProgramData\Oracle\Java\javapath;C:\Program Files\NVIDIA GPU Computing Toolkit\CUDA\v10.0\bin;C:\Program Files\NVIDIA GPU Computing Toolkit\CUDA\v10.0\libnvvp;E:\Java\bin;C:\Program Files\NVIDIA GPU Computing Toolkit\CUDA\v9.0\lib;D:\Scripts\;C:\Program Files\Python37\Scripts\;C:\Program Files\Python37\;C:\Windows\system32;C:\Windows;C:\Windows\System32\Wbem;C:\Windows\System32\WindowsPowerShell\v1.0\;C:\Windows\System32\OpenSSH\;C:\Program Files\Intel\WiFi\bin\;C:\Program Files\Common Files\Intel\WirelessCommon\;C:\Program Files (x86)\NVIDIA Corporation\PhysX\Common;C:\Program Files\Microsoft VS Code\bin;C:\Program Files\NVIDIA Corporation\NVIDIA NvDLISR;C:\Program Files\NVIDIA GPU Computing Toolkit\CUDA\v9.0\include;C:\WINDOWS\system32;C:\WINDOWS;C:\WINDOWS\System32\Wbem;C:\WINDOWS\System32\WindowsPowerShell\v1.0\;C:\WINDOWS\System32\OpenSSH\;E:\Java\jdk\bin;E:\TortoiseGit\bin;E:\maven\apache-maven-3.3.9\bin;?E:\JAVASE1.8\bin;?E:\JAVASE1.8\jre\bin;E:\javaSE1.8jre\bin;E:\mysql-5.7.28-winx64\mysql-5.7.28-winx64\bin;F:\Git_Repositories\J2EE-servelet\tools\tomcat9\apache-tomcat-9.0.41\bin;E:\Anaconda3\Library\mingw-w64\bin;E:\Anaconda3\Library\usr\bin;E:\Anaconda3\Library\bin;E:\Anaconda3\Scripts;C:\Users\钟荣杰\AppData\Local\Programs\Python\Python36\Scripts\;C:\Users\钟荣杰\AppData\Local\Programs\Python\Python36\;D:\anacoda;D:\anacoda\Scripts;D:\anacoda\Library\bin;C:\Users\钟荣杰\AppData\Local\Microsoft\WindowsApps;D:\work\modelsim\win64;C:\texlive\2019\bin\win32;E:\IntelliJ IDEA 2020.2.1\bin;;E:\Pycharm\PyCharm Community Edition 2019.3.3\bin;;E:\JAVASE1.8\bin;;."/>
    <property name="java.vm.info" value="mixed mode"/>
    <property name="java.vendor" value="Oracle Corporation"/>
    <property name="java.vm.version" value="25.271-b09"/>
    <property name="java.ext.dirs" value="E:\JAVASE1.8\jre\lib\ext;C:\WINDOWS\Sun\Java\lib\ext"/>
    <property name="sun.io.unicode.encoding" value="UnicodeLittle"/>
    <property name="maven.repo.local" value="E:\maven\myrepository"/>
    <property name="java.class.version" value="52.0"/>
  </properties>
  <testcase name="testAdd1" classname="com.studymyself.TestHelloMaven" time="0.002"/>
  <testcase name="testAdd2" classname="com.studymyself.TestHelloMaven" time="0"/>
</testsuite>